<?xml version="1.0" encoding="UTF-8"?>
<!-- Generated by org.testng.reporters.JUnitReportReporter -->
<testsuite hostname="DESKTOP-D9O7CCN" failures="0" tests="1" name="testCases.TC_001_AccountRegistrationTest" time="4.007" errors="0" timestamp="2023-08-03T09:51:04 IST" skipped="0">
  <testcase classname="testCases.TC_001_AccountRegistrationTest" name="test_account_Registration" time="4.007"/>
  <system-out/>
</testsuite> <!-- testCases.TC_001_AccountRegistrationTest -->
