<?xml version="1.0" encoding="UTF-8"?>
<!-- Generated by org.testng.reporters.JUnitReportReporter -->
<testsuite hostname="DESKTOP-D9O7CCN" failures="0" tests="5" name="testCases.TC_003_LoginDataDrivenTest" time="33.111" errors="0" timestamp="2023-08-03T09:55:21 IST" skipped="0">
  <testcase classname="testCases.TC_003_LoginDataDrivenTest" name="test_loginDDT" time="11.553"/>
  <system-out/>
  <testcase classname="testCases.TC_003_LoginDataDrivenTest" name="test_loginDDT" time="12.109"/>
  <system-out/>
  <testcase classname="testCases.TC_003_LoginDataDrivenTest" name="test_loginDDT" time="2.749"/>
  <system-out/>
  <testcase classname="testCases.TC_003_LoginDataDrivenTest" name="test_loginDDT" time="3.452"/>
  <system-out/>
  <testcase classname="testCases.TC_003_LoginDataDrivenTest" name="test_loginDDT" time="3.248"/>
  <system-out/>
</testsuite> <!-- testCases.TC_003_LoginDataDrivenTest -->
