<?xml version="1.0" encoding="UTF-8"?>
<!-- Generated by org.testng.reporters.JUnitReportReporter -->
<testsuite hostname="DESKTOP-D9O7CCN" failures="0" tests="1" name="testCases.TC_001_AccountRegistrationTest" time="3.070" errors="0" timestamp="2023-08-03T11:40:26 IST" skipped="0">
  <testcase classname="testCases.TC_001_AccountRegistrationTest" name="test_account_Registration" time="3.070"/>
</testsuite> <!-- testCases.TC_001_AccountRegistrationTest -->
